c:\users\admin\downloads\autoapp\autoapp\debug\autoapp.pch
c:\users\admin\downloads\autoapp\autoapp\debug\vc140.pdb
c:\users\admin\downloads\autoapp\autoapp\debug\stdafx.obj
c:\users\admin\downloads\autoapp\autoapp\debug\autoapp.obj
c:\users\admin\downloads\autoapp\autoapp\debug\assemblyinfo.obj
c:\users\admin\downloads\autoapp\autoapp\debug\.netframework,version=v4.5.2.assemblyattributes.obj
c:\users\admin\downloads\autoapp\autoapp\debug\.netframework,version=v4.5.2.assemblyattributes.asm
c:\users\admin\downloads\autoapp\debug\autoapp.exe
c:\users\admin\downloads\autoapp\debug\autoapp.pdb
c:\users\admin\downloads\autoapp\autoapp\debug\app.res
c:\users\admin\downloads\autoapp\autoapp\debug\autoapp.vcxprojresolveassemblyreference.cache
c:\users\admin\downloads\autoapp\autoapp\debug\autoapp.tlog\cl.command.1.tlog
c:\users\admin\downloads\autoapp\autoapp\debug\autoapp.tlog\cl.read.1.tlog
c:\users\admin\downloads\autoapp\autoapp\debug\autoapp.tlog\cl.write.1.tlog
c:\users\admin\downloads\autoapp\autoapp\debug\autoapp.tlog\link.command.1.tlog
c:\users\admin\downloads\autoapp\autoapp\debug\autoapp.tlog\link.read.1.tlog
c:\users\admin\downloads\autoapp\autoapp\debug\autoapp.tlog\link.write.1.tlog
c:\users\admin\downloads\autoapp\autoapp\debug\autoapp.tlog\metagen.read.1.tlog
c:\users\admin\downloads\autoapp\autoapp\debug\autoapp.tlog\metagen.write.1.tlog
c:\users\admin\downloads\autoapp\autoapp\debug\autoapp.tlog\rc.command.1.tlog
c:\users\admin\downloads\autoapp\autoapp\debug\autoapp.tlog\rc.read.1.tlog
c:\users\admin\downloads\autoapp\autoapp\debug\autoapp.tlog\rc.write.1.tlog
c:\users\admin\downloads\autoapp\autoapp\debug\autoapp.tlog\rsaenh.dll.bi
c:\users\admin\downloads\autoapp\autoapp\debug\autoapp.tlog\tzres.dll.bi
