C:\USERS\ADMIN\DOCUMENTS\VISUAL STUDIO 2012\PROJECTS\AUTOAPPVS12\AUTOAPPVS12\DEBUG\AUTOAPPVS12.PCH.CODEANALYSIS
C:\USERS\ADMIN\DOCUMENTS\VISUAL STUDIO 2012\PROJECTS\AUTOAPPVS12\AUTOAPPVS12\DEBUG\AUTOAPPVS12.PCH.CODEANALYSISAST
C:\USERS\ADMIN\DOCUMENTS\VISUAL STUDIO 2012\PROJECTS\AUTOAPPVS12\AUTOAPPVS12\DEBUG\STDAFX.CPP.NATIVECODEANALYSIS.XML
C:\USERS\ADMIN\DOCUMENTS\VISUAL STUDIO 2012\PROJECTS\AUTOAPPVS12\AUTOAPPVS12\DEBUG\STDAFX.OBJ
C:\USERS\ADMIN\DOCUMENTS\VISUAL STUDIO 2012\PROJECTS\AUTOAPPVS12\AUTOAPPVS12\DEBUG\VC110.PDB
C:\USERS\ADMIN\DOCUMENTS\VISUAL STUDIO 2012\PROJECTS\AUTOAPPVS12\AUTOAPPVS12\DEBUG\AUTOAPPVS12.PCH
C:\USERS\ADMIN\DOCUMENTS\VISUAL STUDIO 2012\PROJECTS\AUTOAPPVS12\AUTOAPPVS12\DEBUG\AUTOAPPVS12.CPP.NATIVECODEANALYSIS.XML
C:\USERS\ADMIN\DOCUMENTS\VISUAL STUDIO 2012\PROJECTS\AUTOAPPVS12\AUTOAPPVS12\DEBUG\AUTOAPPVS12.OBJ
C:\USERS\ADMIN\DOCUMENTS\VISUAL STUDIO 2012\PROJECTS\AUTOAPPVS12\DEBUG\AUTOAPPVS12.ILK
C:\USERS\ADMIN\DOCUMENTS\VISUAL STUDIO 2012\PROJECTS\AUTOAPPVS12\DEBUG\AUTOAPPVS12.EXE
C:\USERS\ADMIN\DOCUMENTS\VISUAL STUDIO 2012\PROJECTS\AUTOAPPVS12\DEBUG\AUTOAPPVS12.PDB
C:\Users\admin\documents\visual studio 2012\Projects\AutoAppVS12\AutoAppVS12\Debug\AutoAppVS12.obj
C:\Users\admin\documents\visual studio 2012\Projects\AutoAppVS12\AutoAppVS12\Debug\stdafx.obj
C:\Users\admin\documents\visual studio 2012\Projects\AutoAppVS12\AutoAppVS12\Debug\cl.command.1.tlog
C:\Users\admin\documents\visual studio 2012\Projects\AutoAppVS12\AutoAppVS12\Debug\CL.read.1.tlog
C:\Users\admin\documents\visual studio 2012\Projects\AutoAppVS12\AutoAppVS12\Debug\CL.write.1.tlog
C:\Users\admin\documents\visual studio 2012\Projects\AutoAppVS12\AutoAppVS12\Debug\link-cvtres.read.1.tlog
C:\Users\admin\documents\visual studio 2012\Projects\AutoAppVS12\AutoAppVS12\Debug\link-cvtres.write.1.tlog
C:\Users\admin\documents\visual studio 2012\Projects\AutoAppVS12\AutoAppVS12\Debug\link-rc.read.1.tlog
C:\Users\admin\documents\visual studio 2012\Projects\AutoAppVS12\AutoAppVS12\Debug\link-rc.write.1.tlog
C:\Users\admin\documents\visual studio 2012\Projects\AutoAppVS12\AutoAppVS12\Debug\link.command.1.tlog
C:\Users\admin\documents\visual studio 2012\Projects\AutoAppVS12\AutoAppVS12\Debug\link.read.1.tlog
C:\Users\admin\documents\visual studio 2012\Projects\AutoAppVS12\AutoAppVS12\Debug\link.write.1.tlog
C:\Users\admin\documents\visual studio 2012\Projects\AutoAppVS12\AutoAppVS12\Debug\NativeCodeAnalysis.read.1.tlog
C:\Users\admin\documents\visual studio 2012\Projects\AutoAppVS12\AutoAppVS12\Debug\AutoAppVS12.pch
C:\Users\admin\documents\visual studio 2012\Projects\AutoAppVS12\AutoAppVS12\Debug\vc110.idb
C:\Users\admin\documents\visual studio 2012\Projects\AutoAppVS12\AutoAppVS12\Debug\vc110.pdb
C:\Users\admin\documents\visual studio 2012\Projects\AutoAppVS12\AutoAppVS12\Debug\AutoAppVS12.cpp.nativecodeanalysis.xml
C:\Users\admin\documents\visual studio 2012\Projects\AutoAppVS12\AutoAppVS12\Debug\stdafx.cpp.nativecodeanalysis.xml
C:\Users\admin\documents\visual studio 2012\Projects\AutoAppVS12\AutoAppVS12\Debug\vc.nativecodeanalysis.all.xml
C:\Users\admin\documents\visual studio 2012\Projects\AutoAppVS12\Debug\AutoAppVS12.pdb
C:\Users\admin\documents\visual studio 2012\Projects\AutoAppVS12\Debug\AutoAppVS12.exe
C:\Users\admin\documents\visual studio 2012\Projects\AutoAppVS12\Debug\AutoAppVS12.ilk
C:\Users\admin\documents\visual studio 2012\Projects\AutoAppVS12\Debug\AutoAppVS12.exe.lastcodeanalysissucceeded
